[15:47:00,017 19/06/2022] 
Newtrodit started
[15:47:00,019 19/06/2022] Changing console output mode: Succeeded
[15:47:00,020 19/06/2022] Changing console input mode: Succeeded
[15:47:00,021 19/06/2022] Loading startup data
[15:47:00,024 19/06/2022] Allocating buffer memory
[15:47:00,032 19/06/2022] Buffer memory successfully allocated
[15:47:00,033 19/06/2022] Loading settings file: newtrodit.config
[15:47:00,035 19/06/2022] Finished loading startup data
[15:47:00,035 19/06/2022] Parsing command-line arguments
[15:47:00,043 19/06/2022] Mouse support enabled
[15:47:16,364 19/06/2022] Loading file: newtrodit.c
[15:47:16,377 19/06/2022] Successfully loaded the file newtrodit.c
[17:01:18,391 19/06/2022] 
Newtrodit started
[17:01:18,392 19/06/2022] Changing console output mode: Succeeded
[17:01:18,393 19/06/2022] Changing console input mode: Succeeded
[17:01:18,396 19/06/2022] Loading startup data
[17:01:18,400 19/06/2022] Allocating buffer memory
[17:01:18,405 19/06/2022] Buffer memory successfully allocated
[17:01:18,407 19/06/2022] Loading settings file: newtrodit.config
[17:01:18,408 19/06/2022] Finished loading startup data
[17:01:18,409 19/06/2022] Parsing command-line arguments
[17:01:18,419 19/06/2022] Mouse support enabled
